<?xml version="1.0" encoding="UTF-8"?>
<testsuite name="problem2.RecordingArtistTest" tests="2" skipped="0" failures="0" errors="0" timestamp="2021-06-21T07:44:14" hostname="Oliver-Macbook.local" time="0.002">
  <properties/>
  <testcase name="testGetName" classname="problem2.RecordingArtistTest" time="0.0"/>
  <testcase name="testGetMembers" classname="problem2.RecordingArtistTest" time="0.0"/>
  <system-out><![CDATA[]]></system-out>
  <system-err><![CDATA[]]></system-err>
</testsuite>
