<?xml version="1.0" encoding="UTF-8"?>
<testsuite name="problem1.OneTimeDonationTest" tests="7" skipped="0" failures="0" errors="0" timestamp="2021-06-21T07:44:13" hostname="Oliver-Macbook.local" time="0.017">
  <properties/>
  <testcase name="testEquals2" classname="problem1.OneTimeDonationTest" time="0.006"/>
  <testcase name="testToString" classname="problem1.OneTimeDonationTest" time="0.001"/>
  <testcase name="getDonationDateTime" classname="problem1.OneTimeDonationTest" time="0.003"/>
  <testcase name="testInvalidAmount" classname="problem1.OneTimeDonationTest" time="0.0"/>
  <testcase name="getAmount" classname="problem1.OneTimeDonationTest" time="0.0"/>
  <testcase name="countDonationAmount" classname="problem1.OneTimeDonationTest" time="0.0"/>
  <testcase name="testEquals" classname="problem1.OneTimeDonationTest" time="0.0"/>
  <system-out><![CDATA[]]></system-out>
  <system-err><![CDATA[]]></system-err>
</testsuite>
