<?xml version="1.0" encoding="UTF-8"?>
<testsuite name="problem2.MusicTest" tests="1" skipped="0" failures="0" errors="0" timestamp="2021-06-21T07:44:14" hostname="Oliver-Macbook.local" time="0.001">
  <properties/>
  <testcase name="testGetTitle" classname="problem2.MusicTest" time="0.001"/>
  <system-out><![CDATA[]]></system-out>
  <system-err><![CDATA[]]></system-err>
</testsuite>
