<?xml version="1.0" encoding="UTF-8"?>
<testsuite name="problem1.PledgesTest" tests="10" skipped="0" failures="0" errors="0" timestamp="2021-06-21T07:44:14" hostname="Oliver-Macbook.local" time="0.006">
  <properties/>
  <testcase name="testEquals2" classname="problem1.PledgesTest" time="0.001"/>
  <testcase name="getCreateDateTime" classname="problem1.PledgesTest" time="0.001"/>
  <testcase name="testToString" classname="problem1.PledgesTest" time="0.0"/>
  <testcase name="testInvalidAmount" classname="problem1.PledgesTest" time="0.0"/>
  <testcase name="getAmount" classname="problem1.PledgesTest" time="0.001"/>
  <testcase name="countDonationAmount" classname="problem1.PledgesTest" time="0.0"/>
  <testcase name="testEquals" classname="problem1.PledgesTest" time="0.0"/>
  <testcase name="getProcessingDateTime" classname="problem1.PledgesTest" time="0.0"/>
  <testcase name="testInvalidAmount2" classname="problem1.PledgesTest" time="0.001"/>
  <testcase name="testInvalidProcessingTime" classname="problem1.PledgesTest" time="0.0"/>
  <system-out><![CDATA[]]></system-out>
  <system-err><![CDATA[]]></system-err>
</testsuite>
