<?xml version="1.0" encoding="UTF-8"?>
<testsuite name="problem1.NonProfitTest" tests="7" skipped="0" failures="0" errors="0" timestamp="2021-06-21T07:44:14" hostname="Oliver-Macbook.local" time="0.003">
  <properties/>
  <testcase name="testEquals2" classname="problem1.NonProfitTest" time="0.0"/>
  <testcase name="getDonationsSet" classname="problem1.NonProfitTest" time="0.0"/>
  <testcase name="getTotalDonationForYear" classname="problem1.NonProfitTest" time="0.0"/>
  <testcase name="donate" classname="problem1.NonProfitTest" time="0.0"/>
  <testcase name="testToString" classname="problem1.NonProfitTest" time="0.0"/>
  <testcase name="testHashCode" classname="problem1.NonProfitTest" time="0.001"/>
  <testcase name="testEquals" classname="problem1.NonProfitTest" time="0.0"/>
  <system-out><![CDATA[]]></system-out>
  <system-err><![CDATA[]]></system-err>
</testsuite>
