<?xml version="1.0" encoding="UTF-8"?>
<testsuite name="problem2.BookTest" tests="5" skipped="0" failures="0" errors="0" timestamp="2021-06-21T07:44:14" hostname="Oliver-Macbook.local" time="0.002">
  <properties/>
  <testcase name="testEquals2" classname="problem2.BookTest" time="0.0"/>
  <testcase name="testGetTitle" classname="problem2.BookTest" time="0.0"/>
  <testcase name="testGetYear" classname="problem2.BookTest" time="0.0"/>
  <testcase name="testAuthor" classname="problem2.BookTest" time="0.0"/>
  <testcase name="testEquals" classname="problem2.BookTest" time="0.001"/>
  <system-out><![CDATA[]]></system-out>
  <system-err><![CDATA[]]></system-err>
</testsuite>
