<?xml version="1.0" encoding="UTF-8"?>
<testsuite name="problem3.SwimmerIteratorTest" tests="2" skipped="0" failures="0" errors="0" timestamp="2021-07-31T00:00:26" hostname="Oliver-Macbook.gateway.sasktel.net" time="0.005">
  <properties/>
  <testcase name="next" classname="problem3.SwimmerIteratorTest" time="0.004"/>
  <testcase name="hasNext" classname="problem3.SwimmerIteratorTest" time="0.0"/>
  <system-out><![CDATA[]]></system-out>
  <system-err><![CDATA[]]></system-err>
</testsuite>
