<?xml version="1.0" encoding="UTF-8"?>
<testsuite name="problem2.SwimmerComparatorTest" tests="1" skipped="0" failures="0" errors="0" timestamp="2021-07-31T00:00:26" hostname="Oliver-Macbook.gateway.sasktel.net" time="0.001">
  <properties/>
  <testcase name="compare" classname="problem2.SwimmerComparatorTest" time="0.001"/>
  <system-out><![CDATA[]]></system-out>
  <system-err><![CDATA[]]></system-err>
</testsuite>
