<?xml version="1.0" encoding="UTF-8"?>
<testsuite name="problem1.EmptyPriorityQueueTest" tests="7" skipped="0" failures="0" errors="0" timestamp="2021-06-27T03:07:23" hostname="Oliver-Macbook.local" time="0.013">
  <properties/>
  <testcase name="testToString" classname="problem1.EmptyPriorityQueueTest" time="0.001"/>
  <testcase name="createEmpty" classname="problem1.EmptyPriorityQueueTest" time="0.0"/>
  <testcase name="pop" classname="problem1.EmptyPriorityQueueTest" time="0.001"/>
  <testcase name="peek" classname="problem1.EmptyPriorityQueueTest" time="0.001"/>
  <testcase name="testHashCode" classname="problem1.EmptyPriorityQueueTest" time="0.0"/>
  <testcase name="testEquals" classname="problem1.EmptyPriorityQueueTest" time="0.007"/>
  <testcase name="isEmpty" classname="problem1.EmptyPriorityQueueTest" time="0.0"/>
  <system-out><![CDATA[]]></system-out>
  <system-err><![CDATA[]]></system-err>
</testsuite>
