<?xml version="1.0" encoding="UTF-8"?>
<testsuite name="problem2.ColorTest" tests="1" skipped="0" failures="0" errors="0" timestamp="2021-08-11T20:07:26" hostname="Oliver-Macbook.gateway.sasktel.net" time="0.0">
  <properties/>
  <testcase name="values" classname="problem2.ColorTest" time="0.0"/>
  <system-out><![CDATA[]]></system-out>
  <system-err><![CDATA[]]></system-err>
</testsuite>
