<?xml version="1.0" encoding="UTF-8"?>
<testsuite name="problem2.ConsBagOfWordsTest" tests="10" skipped="0" failures="0" errors="0" timestamp="2021-06-27T03:07:23" hostname="Oliver-Macbook.local" time="0.005">
  <properties/>
  <testcase name="length" classname="problem2.ConsBagOfWordsTest" time="0.0"/>
  <testcase name="testToString" classname="problem2.ConsBagOfWordsTest" time="0.0"/>
  <testcase name="contains" classname="problem2.ConsBagOfWordsTest" time="0.0"/>
  <testcase name="add" classname="problem2.ConsBagOfWordsTest" time="0.0"/>
  <testcase name="size" classname="problem2.ConsBagOfWordsTest" time="0.0"/>
  <testcase name="testHashCode" classname="problem2.ConsBagOfWordsTest" time="0.0"/>
  <testcase name="testHashCode2" classname="problem2.ConsBagOfWordsTest" time="0.0"/>
  <testcase name="removeItem" classname="problem2.ConsBagOfWordsTest" time="0.0"/>
  <testcase name="testEquals" classname="problem2.ConsBagOfWordsTest" time="0.001"/>
  <testcase name="isEmpty" classname="problem2.ConsBagOfWordsTest" time="0.0"/>
  <system-out><![CDATA[]]></system-out>
  <system-err><![CDATA[]]></system-err>
</testsuite>
