<?xml version="1.0" encoding="UTF-8"?>
<testsuite name="problem3.AccountTest" tests="4" skipped="0" failures="0" errors="0" timestamp="2021-05-24T06:56:14" hostname="Oliver-Macbook" time="0.002">
  <properties/>
  <testcase name="withdraw" classname="problem3.AccountTest" time="0.0"/>
  <testcase name="getName" classname="problem3.AccountTest" time="0.0"/>
  <testcase name="getBalance" classname="problem3.AccountTest" time="0.0"/>
  <testcase name="deposit" classname="problem3.AccountTest" time="0.001"/>
  <system-out><![CDATA[]]></system-out>
  <system-err><![CDATA[]]></system-err>
</testsuite>
