<?xml version="1.0" encoding="UTF-8"?>
<testsuite name="problem2.EmployeeTest" tests="2" skipped="0" failures="0" errors="0" timestamp="2021-05-24T06:56:14" hostname="Oliver-Macbook" time="0.001">
  <properties/>
  <testcase name="getFirstName" classname="problem2.EmployeeTest" time="0.0"/>
  <testcase name="getLastName" classname="problem2.EmployeeTest" time="0.0"/>
  <system-out><![CDATA[]]></system-out>
  <system-err><![CDATA[]]></system-err>
</testsuite>
