<?xml version="1.0" encoding="UTF-8"?>
<testsuite name="problem2.TripTest" tests="6" skipped="0" failures="0" errors="0" timestamp="2021-05-24T06:56:14" hostname="Oliver-Macbook" time="0.004">
  <properties/>
  <testcase name="getStartTime" classname="problem2.TripTest" time="0.001"/>
  <testcase name="getEmployee" classname="problem2.TripTest" time="0.0"/>
  <testcase name="getEndTime" classname="problem2.TripTest" time="0.0"/>
  <testcase name="getEndLocation" classname="problem2.TripTest" time="0.0"/>
  <testcase name="getDuration" classname="problem2.TripTest" time="0.0"/>
  <testcase name="getStartLocation" classname="problem2.TripTest" time="0.0"/>
  <system-out><![CDATA[]]></system-out>
  <system-err><![CDATA[]]></system-err>
</testsuite>
