<?xml version="1.0" encoding="UTF-8"?>
<testsuite name="problem1.CourseTest" tests="6" skipped="0" failures="0" errors="0" timestamp="2021-06-14T06:01:42" hostname="Oliver-Macbook.local" time="0.005">
  <properties/>
  <testcase name="testEquals2" classname="problem1.CourseTest" time="0.003"/>
  <testcase name="testHashCodeNull" classname="problem1.CourseTest" time="0.0"/>
  <testcase name="testToString" classname="problem1.CourseTest" time="0.0"/>
  <testcase name="equalsDifferentDataTypes" classname="problem1.CourseTest" time="0.0"/>
  <testcase name="testEquals" classname="problem1.CourseTest" time="0.0"/>
  <testcase name="testSameFields" classname="problem1.CourseTest" time="0.001"/>
  <system-out><![CDATA[]]></system-out>
  <system-err><![CDATA[]]></system-err>
</testsuite>
