<?xml version="1.0" encoding="UTF-8"?>
<testsuite name="problem1.CourseCatalogTest" tests="18" skipped="0" failures="0" errors="0" timestamp="2021-06-14T06:01:42" hostname="Oliver-Macbook.local" time="0.013">
  <properties/>
  <testcase name="testEquals2" classname="problem1.CourseCatalogTest" time="0.001"/>
  <testcase name="testEquals3" classname="problem1.CourseCatalogTest" time="0.0"/>
  <testcase name="testEquals4" classname="problem1.CourseCatalogTest" time="0.0"/>
  <testcase name="testInvalidIndexException" classname="problem1.CourseCatalogTest" time="0.001"/>
  <testcase name="append" classname="problem1.CourseCatalogTest" time="0.0"/>
  <testcase name="testToString" classname="problem1.CourseCatalogTest" time="0.001"/>
  <testcase name="remove" classname="problem1.CourseCatalogTest" time="0.0"/>
  <testcase name="contains" classname="problem1.CourseCatalogTest" time="0.0"/>
  <testcase name="testCourseNotFoundException" classname="problem1.CourseCatalogTest" time="0.0"/>
  <testcase name="equalsDifferentDataTypes" classname="problem1.CourseCatalogTest" time="0.001"/>
  <testcase name="get" classname="problem1.CourseCatalogTest" time="0.0"/>
  <testcase name="count" classname="problem1.CourseCatalogTest" time="0.001"/>
  <testcase name="testNotSameTotalCourseNum" classname="problem1.CourseCatalogTest" time="0.0"/>
  <testcase name="testHashCode" classname="problem1.CourseCatalogTest" time="0.0"/>
  <testcase name="testInvalidIndexException2" classname="problem1.CourseCatalogTest" time="0.001"/>
  <testcase name="testEquals" classname="problem1.CourseCatalogTest" time="0.001"/>
  <testcase name="indexOf" classname="problem1.CourseCatalogTest" time="0.0"/>
  <testcase name="isEmpty" classname="problem1.CourseCatalogTest" time="0.0"/>
  <system-out><![CDATA[]]></system-out>
  <system-err><![CDATA[]]></system-err>
</testsuite>
