<?xml version="1.0" encoding="UTF-8"?>
<testsuite name="problem2.SetImplementTest" tests="9" skipped="0" failures="0" errors="0" timestamp="2021-06-14T06:01:42" hostname="Oliver-Macbook.local" time="0.01">
  <properties/>
  <testcase name="testToString" classname="problem2.SetImplementTest" time="0.002"/>
  <testcase name="remove" classname="problem2.SetImplementTest" time="0.001"/>
  <testcase name="contains" classname="problem2.SetImplementTest" time="0.0"/>
  <testcase name="add" classname="problem2.SetImplementTest" time="0.001"/>
  <testcase name="size" classname="problem2.SetImplementTest" time="0.0"/>
  <testcase name="testHashCode" classname="problem2.SetImplementTest" time="0.001"/>
  <testcase name="emptySet" classname="problem2.SetImplementTest" time="0.0"/>
  <testcase name="testEquals" classname="problem2.SetImplementTest" time="0.001"/>
  <testcase name="isEmpty" classname="problem2.SetImplementTest" time="0.0"/>
  <system-out><![CDATA[]]></system-out>
  <system-err><![CDATA[]]></system-err>
</testsuite>
