<?xml version="1.0" encoding="UTF-8"?>
<testsuite name="problem1.PlumbingWorkTest" tests="9" skipped="0" failures="0" errors="0" timestamp="2021-06-07T18:25:36" hostname="Oliver-Macbook.local" time="0.004">
  <properties/>
  <testcase name="testEquals2" classname="problem1.PlumbingWorkTest" time="0.0"/>
  <testcase name="testToString" classname="problem1.PlumbingWorkTest" time="0.0"/>
  <testcase name="calculatePrice" classname="problem1.PlumbingWorkTest" time="0.0"/>
  <testcase name="equalNotSameLicensedEmployee" classname="problem1.PlumbingWorkTest" time="0.0"/>
  <testcase name="equalsDifferentDataTypes" classname="problem1.PlumbingWorkTest" time="0.0"/>
  <testcase name="testHashCode" classname="problem1.PlumbingWorkTest" time="0.0"/>
  <testcase name="testEquals" classname="problem1.PlumbingWorkTest" time="0.0"/>
  <testcase name="equalsSameFields" classname="problem1.PlumbingWorkTest" time="0.0"/>
  <testcase name="equalNotSameComplex" classname="problem1.PlumbingWorkTest" time="0.0"/>
  <system-out><![CDATA[]]></system-out>
  <system-err><![CDATA[]]></system-err>
</testsuite>
