<?xml version="1.0" encoding="UTF-8"?>
<testsuite name="problem1.InteriorCleaningTest" tests="1" skipped="0" failures="0" errors="0" timestamp="2021-06-07T18:25:36" hostname="Oliver-Macbook.local" time="0.001">
  <properties/>
  <testcase name="calculatePrice" classname="problem1.InteriorCleaningTest" time="0.001"/>
  <system-out><![CDATA[]]></system-out>
  <system-err><![CDATA[]]></system-err>
</testsuite>
