<?xml version="1.0" encoding="UTF-8"?>
<testsuite name="problem1.WindowCleaningTest" tests="10" skipped="0" failures="0" errors="0" timestamp="2021-06-07T18:25:36" hostname="Oliver-Macbook.local" time="0.007">
  <properties/>
  <testcase name="testEquals2" classname="problem1.WindowCleaningTest" time="0.0"/>
  <testcase name="testToString" classname="problem1.WindowCleaningTest" time="0.0"/>
  <testcase name="calculatePrice" classname="problem1.WindowCleaningTest" time="0.0"/>
  <testcase name="equalNotSamePropertySize" classname="problem1.WindowCleaningTest" time="0.0"/>
  <testcase name="equalsDifferentDataTypes" classname="problem1.WindowCleaningTest" time="0.001"/>
  <testcase name="equalNotSameAddress" classname="problem1.WindowCleaningTest" time="0.001"/>
  <testcase name="testHashCode" classname="problem1.WindowCleaningTest" time="0.0"/>
  <testcase name="equalNotSameMonthlyService" classname="problem1.WindowCleaningTest" time="0.001"/>
  <testcase name="testEquals" classname="problem1.WindowCleaningTest" time="0.0"/>
  <testcase name="equalsSameFields" classname="problem1.WindowCleaningTest" time="0.0"/>
  <system-out><![CDATA[]]></system-out>
  <system-err><![CDATA[]]></system-err>
</testsuite>
