<?xml version="1.0" encoding="UTF-8"?>
<testsuite name="problem1.ElectricalWorkTest" tests="4" skipped="0" failures="0" errors="0" timestamp="2021-06-07T18:25:36" hostname="Oliver-Macbook.local" time="0.004">
  <properties/>
  <testcase name="calculatePrice" classname="problem1.ElectricalWorkTest" time="0.003"/>
  <testcase name="testIllegalArgumentException" classname="problem1.ElectricalWorkTest" time="0.0"/>
  <testcase name="testInvalidSizePropertyException" classname="problem1.ElectricalWorkTest" time="0.0"/>
  <testcase name="testInvalidPropertyAddressException" classname="problem1.ElectricalWorkTest" time="0.0"/>
  <system-out><![CDATA[]]></system-out>
  <system-err><![CDATA[]]></system-err>
</testsuite>
