<?xml version="1.0" encoding="UTF-8"?>
<testsuite name="problem1.RunnerTest" tests="14" skipped="0" failures="0" errors="0" timestamp="2021-05-28T21:25:34" hostname="Oliver-Macbook.hitronhub.home" time="0.006">
  <properties/>
  <testcase name="testHashCodeNull" classname="problem1.RunnerTest" time="0.0"/>
  <testcase name="getFavouriteRunningEvent" classname="problem1.RunnerTest" time="0.0"/>
  <testcase name="testToString" classname="problem1.RunnerTest" time="0.001"/>
  <testcase name="equalsReflexivity" classname="problem1.RunnerTest" time="0.0"/>
  <testcase name="equalsNotSameFavouriteRunningEvent" classname="problem1.RunnerTest" time="0.001"/>
  <testcase name="testHashCodeConsistency" classname="problem1.RunnerTest" time="0.001"/>
  <testcase name="equalsDifferentDataTypes" classname="problem1.RunnerTest" time="0.0"/>
  <testcase name="equalsNotSameBestHalfMarathonTime" classname="problem1.RunnerTest" time="0.0"/>
  <testcase name="getBest5kTime" classname="problem1.RunnerTest" time="0.0"/>
  <testcase name="getBestHalfMarathonTime" classname="problem1.RunnerTest" time="0.0"/>
  <testcase name="equalsReflexivity2" classname="problem1.RunnerTest" time="0.0"/>
  <testcase name="equalsSameFields" classname="problem1.RunnerTest" time="0.0"/>
  <testcase name="testHashCodeEquality" classname="problem1.RunnerTest" time="0.0"/>
  <testcase name="equalsNotSameBest5kTime" classname="problem1.RunnerTest" time="0.0"/>
  <system-out><![CDATA[]]></system-out>
  <system-err><![CDATA[]]></system-err>
</testsuite>
