<?xml version="1.0" encoding="UTF-8"?>
<testsuite name="problem1.AthleteTest" tests="13" skipped="0" failures="0" errors="0" timestamp="2021-05-28T21:25:34" hostname="Oliver-Macbook.hitronhub.home" time="0.012">
  <properties/>
  <testcase name="testToString" classname="problem1.AthleteTest" time="0.005"/>
  <testcase name="equalsReflexivity" classname="problem1.AthleteTest" time="0.0"/>
  <testcase name="equalsDifferentDataTypes" classname="problem1.AthleteTest" time="0.0"/>
  <testcase name="equalsNotSameHeight" classname="problem1.AthleteTest" time="0.001"/>
  <testcase name="equalsNotSameLeague" classname="problem1.AthleteTest" time="0.0"/>
  <testcase name="getHeight" classname="problem1.AthleteTest" time="0.0"/>
  <testcase name="getLeague" classname="problem1.AthleteTest" time="0.0"/>
  <testcase name="equalsNotSameWeight" classname="problem1.AthleteTest" time="0.0"/>
  <testcase name="getAthletesName" classname="problem1.AthleteTest" time="0.001"/>
  <testcase name="getWeight" classname="problem1.AthleteTest" time="0.0"/>
  <testcase name="equalsReflexivity2" classname="problem1.AthleteTest" time="0.0"/>
  <testcase name="equalsSameFields" classname="problem1.AthleteTest" time="0.0"/>
  <testcase name="hasCodeSame" classname="problem1.AthleteTest" time="0.0"/>
  <system-out><![CDATA[]]></system-out>
  <system-err><![CDATA[]]></system-err>
</testsuite>
