<?xml version="1.0" encoding="UTF-8"?>
<testsuite name="problem1.NameTest" tests="6" skipped="0" failures="0" errors="0" timestamp="2021-05-28T21:25:34" hostname="Oliver-Macbook.hitronhub.home" time="0.006">
  <properties/>
  <testcase name="equalsNotSameLastName" classname="problem1.NameTest" time="0.001"/>
  <testcase name="equalsReflexivity" classname="problem1.NameTest" time="0.001"/>
  <testcase name="equalsDifferentDataTypes" classname="problem1.NameTest" time="0.001"/>
  <testcase name="equalsNotSameFirstName" classname="problem1.NameTest" time="0.0"/>
  <testcase name="equalsNotSameMiddleName" classname="problem1.NameTest" time="0.0"/>
  <testcase name="equalsSameFields" classname="problem1.NameTest" time="0.0"/>
  <system-out><![CDATA[]]></system-out>
  <system-err><![CDATA[]]></system-err>
</testsuite>
