<?xml version="1.0" encoding="UTF-8"?>
<testsuite name="problem2.YFinancesTest" tests="5" skipped="0" failures="0" errors="0" timestamp="2021-08-07T06:20:54" hostname="Oliver-Macbook.gateway.sasktel.net" time="0.004">
  <properties/>
  <testcase name="getCurrentInterest" classname="problem2.YFinancesTest" time="0.0"/>
  <testcase name="testToString" classname="problem2.YFinancesTest" time="0.001"/>
  <testcase name="update" classname="problem2.YFinancesTest" time="0.002"/>
  <testcase name="testHashCode" classname="problem2.YFinancesTest" time="0.0"/>
  <testcase name="testEquals" classname="problem2.YFinancesTest" time="0.0"/>
  <system-out><![CDATA[YFinances - updated interest rate - from 1.1to1.1
]]></system-out>
  <system-err><![CDATA[]]></system-err>
</testsuite>
