<?xml version="1.0" encoding="UTF-8"?>
<testsuite name="problem1.DestinationTest" tests="4" skipped="0" failures="0" errors="0" timestamp="2021-08-07T06:20:54" hostname="Oliver-Macbook.gateway.sasktel.net" time="0.001">
  <properties/>
  <testcase name="getAirportCode" classname="problem1.DestinationTest" time="0.0"/>
  <testcase name="getDistanceFromSeattle" classname="problem1.DestinationTest" time="0.0"/>
  <testcase name="getCountry" classname="problem1.DestinationTest" time="0.001"/>
  <testcase name="getDestinationName" classname="problem1.DestinationTest" time="0.0"/>
  <system-out><![CDATA[]]></system-out>
  <system-err><![CDATA[]]></system-err>
</testsuite>
