<?xml version="1.0" encoding="UTF-8"?>
<testsuite name="problem1.TravelerTest" tests="4" skipped="0" failures="0" errors="0" timestamp="2021-08-07T06:20:54" hostname="Oliver-Macbook.gateway.sasktel.net" time="0.001">
  <properties/>
  <testcase name="testCompareTo" classname="problem1.TravelerTest" time="0.0"/>
  <testcase name="getFirstName" classname="problem1.TravelerTest" time="0.0"/>
  <testcase name="traveledDestinations" classname="problem1.TravelerTest" time="0.0"/>
  <testcase name="getLastName" classname="problem1.TravelerTest" time="0.0"/>
  <system-out><![CDATA[]]></system-out>
  <system-err><![CDATA[]]></system-err>
</testsuite>
