<?xml version="1.0" encoding="UTF-8"?>
<testsuite name="midtermExam.p1.CadillacV16Test" tests="1" skipped="0" failures="0" errors="0" timestamp="2021-07-04T08:18:34" hostname="Oliver-Macbook.local" time="0.001">
  <properties/>
  <testcase name="estimatePrice" classname="midtermExam.p1.CadillacV16Test" time="0.001"/>
  <system-out><![CDATA[]]></system-out>
  <system-err><![CDATA[]]></system-err>
</testsuite>
