<?xml version="1.0" encoding="UTF-8"?>
<testsuite name="midtermExam.p2.ConsNationalParkTest" tests="5" skipped="0" failures="0" errors="0" timestamp="2021-07-04T08:18:34" hostname="Oliver-Macbook.local" time="0.002">
  <properties/>
  <testcase name="add" classname="midtermExam.p2.ConsNationalParkTest" time="0.0"/>
  <testcase name="size" classname="midtermExam.p2.ConsNationalParkTest" time="0.0"/>
  <testcase name="getSpecifiedNationalPark" classname="midtermExam.p2.ConsNationalParkTest" time="0.001"/>
  <testcase name="findAllOpenYearRound" classname="midtermExam.p2.ConsNationalParkTest" time="0.0"/>
  <testcase name="getSpecifiedNationalPark2" classname="midtermExam.p2.ConsNationalParkTest" time="0.001"/>
  <system-out><![CDATA[]]></system-out>
  <system-err><![CDATA[]]></system-err>
</testsuite>
