<?xml version="1.0" encoding="UTF-8"?>
<testsuite name="ViewUtilsTest" tests="1" skipped="0" failures="0" errors="0" timestamp="2021-08-19T07:43:45" hostname="Oliver-Macbook.gateway.sasktel.net" time="0.031">
  <properties/>
  <testcase name="getInput" classname="ViewUtilsTest" time="0.031"/>
  <system-out><![CDATA[a
]]></system-out>
  <system-err><![CDATA[]]></system-err>
</testsuite>
