<?xml version="1.0" encoding="UTF-8"?>
<testsuite name="problem1.MeatTest" tests="1" skipped="0" failures="0" errors="0" timestamp="2021-06-09T20:57:04" hostname="Oliver-Macbook.local" time="0.0">
  <properties/>
  <testcase name="testMeat" classname="problem1.MeatTest" time="0.0"/>
  <system-out><![CDATA[]]></system-out>
  <system-err><![CDATA[]]></system-err>
</testsuite>
