<?xml version="1.0" encoding="UTF-8"?>
<testsuite name="problem1.FruitTest" tests="1" skipped="0" failures="0" errors="0" timestamp="2021-06-09T20:57:04" hostname="Oliver-Macbook.local" time="0.001">
  <properties/>
  <testcase name="testFruit" classname="problem1.FruitTest" time="0.001"/>
  <system-out><![CDATA[]]></system-out>
  <system-err><![CDATA[]]></system-err>
</testsuite>
