<?xml version="1.0" encoding="UTF-8"?>
<testsuite name="problem1.RiceTest" tests="17" skipped="0" failures="0" errors="0" timestamp="2021-06-09T20:57:04" hostname="Oliver-Macbook.local" time="0.011">
  <properties/>
  <testcase name="testHashCodeNull" classname="problem1.RiceTest" time="0.001"/>
  <testcase name="equals2" classname="problem1.RiceTest" time="0.0"/>
  <testcase name="equals" classname="problem1.RiceTest" time="0.0"/>
  <testcase name="testToString" classname="problem1.RiceTest" time="0.002"/>
  <testcase name="testIllegalArgumentException" classname="problem1.RiceTest" time="0.0"/>
  <testcase name="equalNotSameMaxQuantity" classname="problem1.RiceTest" time="0.0"/>
  <testcase name="testGetName" classname="problem1.RiceTest" time="0.0"/>
  <testcase name="testHashCodeConsistency" classname="problem1.RiceTest" time="0.001"/>
  <testcase name="equalsDifferentDataTypes" classname="problem1.RiceTest" time="0.001"/>
  <testcase name="equalNotSameAvailableQuantity" classname="problem1.RiceTest" time="0.0"/>
  <testcase name="testGetCurrentAvailableQuantity" classname="problem1.RiceTest" time="0.0"/>
  <testcase name="testGetCurrentPricePerUnit" classname="problem1.RiceTest" time="0.0"/>
  <testcase name="equalsSameFields" classname="problem1.RiceTest" time="0.0"/>
  <testcase name="testGetMaxAllowedQuantity" classname="problem1.RiceTest" time="0.0"/>
  <testcase name="equalNotSameCurrentPrice" classname="problem1.RiceTest" time="0.0"/>
  <testcase name="testHashCodeEquality" classname="problem1.RiceTest" time="0.001"/>
  <testcase name="equalNotSameName" classname="problem1.RiceTest" time="0.0"/>
  <system-out><![CDATA[]]></system-out>
  <system-err><![CDATA[]]></system-err>
</testsuite>
