<?xml version="1.0" encoding="UTF-8"?>
<testsuite name="problem1.TrendingTopicsTest" tests="10" skipped="0" failures="0" errors="0" timestamp="2021-08-11T20:07:26" hostname="Oliver-Macbook.gateway.sasktel.net" time="0.035">
  <properties/>
  <testcase name="getOccuranceMap" classname="problem1.TrendingTopicsTest" time="0.002"/>
  <testcase name="getNumElements" classname="problem1.TrendingTopicsTest" time="0.0"/>
  <testcase name="testToString" classname="problem1.TrendingTopicsTest" time="0.0"/>
  <testcase name="countTopics2" classname="problem1.TrendingTopicsTest" time="0.007"/>
  <testcase name="countTopics3" classname="problem1.TrendingTopicsTest" time="0.001"/>
  <testcase name="countTopics4" classname="problem1.TrendingTopicsTest" time="0.001"/>
  <testcase name="countTopics5" classname="problem1.TrendingTopicsTest" time="0.017"/>
  <testcase name="testHashCode" classname="problem1.TrendingTopicsTest" time="0.0"/>
  <testcase name="testEquals" classname="problem1.TrendingTopicsTest" time="0.0"/>
  <testcase name="countTopics" classname="problem1.TrendingTopicsTest" time="0.002"/>
  <system-out><![CDATA[2
]]></system-out>
  <system-err><![CDATA[]]></system-err>
</testsuite>
