<?xml version="1.0" encoding="UTF-8"?>
<testsuite name="problem2.RecipientTest" tests="3" skipped="0" failures="0" errors="0" timestamp="2021-05-31T06:33:52" hostname="Oliver-Macbook.local" time="0.002">
  <properties/>
  <testcase name="getFirstName" classname="problem2.RecipientTest" time="0.0"/>
  <testcase name="getEmailAddress" classname="problem2.RecipientTest" time="0.0"/>
  <testcase name="getLastName" classname="problem2.RecipientTest" time="0.001"/>
  <system-out><![CDATA[]]></system-out>
  <system-err><![CDATA[]]></system-err>
</testsuite>
