<?xml version="1.0" encoding="UTF-8"?>
<testsuite name="problem1.FamilyRoomTest" tests="1" skipped="0" failures="0" errors="0" timestamp="2021-05-31T06:33:52" hostname="Oliver-Macbook.local" time="0.001">
  <properties/>
  <testcase name="testFamilyRoom" classname="problem1.FamilyRoomTest" time="0.001"/>
  <system-out><![CDATA[]]></system-out>
  <system-err><![CDATA[]]></system-err>
</testsuite>
