<?xml version="1.0" encoding="UTF-8"?>
<testsuite name="problem1.SingleRoomTest" tests="1" skipped="0" failures="0" errors="0" timestamp="2021-05-31T06:33:52" hostname="Oliver-Macbook.local" time="0.0">
  <properties/>
  <testcase name="testSingleRoom" classname="problem1.SingleRoomTest" time="0.0"/>
  <system-out><![CDATA[]]></system-out>
  <system-err><![CDATA[]]></system-err>
</testsuite>
