<?xml version="1.0" encoding="UTF-8"?>
<testsuite name="practicePackage.AuthorTest" tests="3" skipped="0" failures="0" errors="0" timestamp="2021-05-22T01:16:02" hostname="Oliver-Macbook.local" time="0.001">
  <properties/>
  <testcase name="getAddress" classname="practicePackage.AuthorTest" time="0.001"/>
  <testcase name="getName" classname="practicePackage.AuthorTest" time="0.0"/>
  <testcase name="getEmail" classname="practicePackage.AuthorTest" time="0.0"/>
  <system-out><![CDATA[]]></system-out>
  <system-err><![CDATA[]]></system-err>
</testsuite>
